<?xml version="1.0" encoding="UTF-8"?>
<testng-results ignored="0" total="0" passed="0" failed="0" skipped="0">
  <reporter-output>
  </reporter-output>
  <suite started-at="2020-06-25T22:27:24 NZST" name="at.stepDefinitions.loginTest" finished-at="2020-06-25T22:27:24 NZST" duration-ms="5">
    <groups>
    </groups>
    <test started-at="2020-06-25T22:27:24 NZST" name="Command line test" finished-at="2020-06-25T22:27:24 NZST" duration-ms="5">
    </test> <!-- Command line test -->
  </suite> <!-- at.stepDefinitions.loginTest -->
</testng-results>
